Remove: build/standalone/emscripten/debug
conan install "/home/tomas/dev/cpp/templates/DotNameCpp" --output-folder="/home/tomas/dev/cpp/templates/DotNameCpp/build/standalone/emscripten/debug" --deployer=full_deploy --build=missing --profile:host=emscripten --profile:build=default --settings build_type=Debug
source "/home/tomas/dev/cpp/templates/DotNameCpp/build/standalone/emscripten/debug/conanbuild.sh" && cmake -S "./standalone" -B "/home/tomas/dev/cpp/templates/DotNameCpp/build/standalone/emscripten/debug" -DCMAKE_TOOLCHAIN_FILE="/home/tomas/dev/cpp/templates/DotNameCpp/build/standalone/emscripten/debug/conan_toolchain.cmake" -DPLATFORM=Web -DCMAKE_BUILD_TYPE=Debug -DCMAKE_INSTALL_PREFIX="/home/tomas/dev/cpp/templates/DotNameCpp/build/installation/emscripten/debug"
source "/home/tomas/dev/cpp/templates/DotNameCpp/build/standalone/emscripten/debug/conanbuild.sh" && cmake --build "/home/tomas/dev/cpp/templates/DotNameCpp/build/standalone/emscripten/debug"  -j 16
Remove: build/standalone/emscripten/debug
conan install "/home/tomas/dev/cpp/templates/DotNameCpp" --output-folder="/home/tomas/dev/cpp/templates/DotNameCpp/build/standalone/emscripten/debug" --deployer=full_deploy --build=missing --profile:host=emscripten --profile:build=default --settings build_type=Debug
source "/home/tomas/dev/cpp/templates/DotNameCpp/build/standalone/emscripten/debug/conanbuild.sh" && cmake -S "./standalone" -B "/home/tomas/dev/cpp/templates/DotNameCpp/build/standalone/emscripten/debug" -DCMAKE_TOOLCHAIN_FILE="/home/tomas/dev/cpp/templates/DotNameCpp/build/standalone/emscripten/debug/conan_toolchain.cmake" -DPLATFORM=Web -DCMAKE_BUILD_TYPE=Debug -DCMAKE_INSTALL_PREFIX="/home/tomas/dev/cpp/templates/DotNameCpp/build/installation/emscripten/debug"
Remove: build/standalone/emscripten/debug
conan install "/home/tomas/dev/cpp/templates/DotNameCpp" --output-folder="/home/tomas/dev/cpp/templates/DotNameCpp/build/standalone/emscripten/debug" --deployer=full_deploy --build=missing --profile:host=emscripten --profile:build=default --settings build_type=Debug
source "/home/tomas/dev/cpp/templates/DotNameCpp/build/standalone/emscripten/debug/conanbuild.sh" && cmake -S "./standalone" -B "/home/tomas/dev/cpp/templates/DotNameCpp/build/standalone/emscripten/debug" -DCMAKE_TOOLCHAIN_FILE="/home/tomas/dev/cpp/templates/DotNameCpp/build/standalone/emscripten/debug/conan_toolchain.cmake" -DPLATFORM=Web -DCMAKE_BUILD_TYPE=Debug -DCMAKE_INSTALL_PREFIX="/home/tomas/dev/cpp/templates/DotNameCpp/build/installation/emscripten/debug"
Remove: build/standalone/default/debug
conan install "/home/tomas/dev/cpp/templates/DotNameCpp" --output-folder="/home/tomas/dev/cpp/templates/DotNameCpp/build/standalone/default/debug" --deployer=full_deploy --build=missing --profile:host=default --profile:build=default --settings build_type=Debug
source "/home/tomas/dev/cpp/templates/DotNameCpp/build/standalone/default/debug/conanbuild.sh" && cmake -S "./standalone" -B "/home/tomas/dev/cpp/templates/DotNameCpp/build/standalone/default/debug" -DCMAKE_TOOLCHAIN_FILE="/home/tomas/dev/cpp/templates/DotNameCpp/build/standalone/default/debug/conan_toolchain.cmake" -DCMAKE_BUILD_TYPE=Debug -DCMAKE_INSTALL_PREFIX="/home/tomas/dev/cpp/templates/DotNameCpp/build/installation/default/debug"
Remove: build/standalone/default/debug
conan install "/home/tomas/dev/cpp/templates/DotNameCpp" --output-folder="/home/tomas/dev/cpp/templates/DotNameCpp/build/standalone/default/debug" --deployer=full_deploy --build=missing --profile:host=default --profile:build=default --settings build_type=Debug
source "/home/tomas/dev/cpp/templates/DotNameCpp/build/standalone/default/debug/conanbuild.sh" && cmake -S "./standalone" -B "/home/tomas/dev/cpp/templates/DotNameCpp/build/standalone/default/debug" -DCMAKE_TOOLCHAIN_FILE="/home/tomas/dev/cpp/templates/DotNameCpp/build/standalone/default/debug/conan_toolchain.cmake" -DCMAKE_BUILD_TYPE=Debug -DCMAKE_INSTALL_PREFIX="/home/tomas/dev/cpp/templates/DotNameCpp/build/installation/default/debug"
source "/home/tomas/dev/cpp/templates/DotNameCpp/build/standalone/default/debug/conanbuild.sh" && cmake --build "/home/tomas/dev/cpp/templates/DotNameCpp/build/standalone/default/debug"  -j 16
Remove: build/standalone/default/debug
conan install "/home/tomas/dev/cpp/templates/DotNameCpp" --output-folder="/home/tomas/dev/cpp/templates/DotNameCpp/build/standalone/default/debug" --deployer=full_deploy --build=missing --profile:host=default --profile:build=default --settings build_type=Debug
source "/home/tomas/dev/cpp/templates/DotNameCpp/build/standalone/default/debug/conanbuild.sh" && cmake -S "./standalone" -B "/home/tomas/dev/cpp/templates/DotNameCpp/build/standalone/default/debug" -DCMAKE_TOOLCHAIN_FILE="/home/tomas/dev/cpp/templates/DotNameCpp/build/standalone/default/debug/conan_toolchain.cmake" -DCMAKE_BUILD_TYPE=Debug -DCMAKE_INSTALL_PREFIX="/home/tomas/dev/cpp/templates/DotNameCpp/build/installation/default/debug"
cmake --build "/home/tomas/dev/cpp/templates/DotNameCpp/build/standalone/default/debug"  -j 16
Remove: build/standalone/default/debug
conan install "/home/tomas/dev/cpp/templates/DotNameCpp" --output-folder="/home/tomas/dev/cpp/templates/DotNameCpp/build/standalone/default/debug" --deployer=full_deploy --build=missing --profile:host=default --profile:build=default --settings build_type=Debug
source "/home/tomas/dev/cpp/templates/DotNameCpp/build/standalone/default/debug/conanbuild.sh" && cmake -S "./standalone" -B "/home/tomas/dev/cpp/templates/DotNameCpp/build/standalone/default/debug" -DCMAKE_TOOLCHAIN_FILE="/home/tomas/dev/cpp/templates/DotNameCpp/build/standalone/default/debug/conan_toolchain.cmake" -DCMAKE_BUILD_TYPE=Debug -DCMAKE_INSTALL_PREFIX="/home/tomas/dev/cpp/templates/DotNameCpp/build/installation/default/debug"
Remove: build/standalone/default/debug
conan install "/home/tomas/dev/cpp/templates/DotNameCpp" --output-folder="/home/tomas/dev/cpp/templates/DotNameCpp/build/standalone/default/debug" --deployer=full_deploy --build=missing --profile:host=default --profile:build=default --settings build_type=Debug
source "/home/tomas/dev/cpp/templates/DotNameCpp/build/standalone/default/debug/conanbuild.sh" && cmake -S "./standalone" -B "/home/tomas/dev/cpp/templates/DotNameCpp/build/standalone/default/debug" -DCMAKE_TOOLCHAIN_FILE="/home/tomas/dev/cpp/templates/DotNameCpp/build/standalone/default/debug/conan_toolchain.cmake" -DCMAKE_BUILD_TYPE=Debug -DCMAKE_INSTALL_PREFIX="/home/tomas/dev/cpp/templates/DotNameCpp/build/installation/default/debug"
source "/home/tomas/dev/cpp/templates/DotNameCpp/build/standalone/default/debug/conanbuild.sh" && cmake --build "/home/tomas/dev/cpp/templates/DotNameCpp/build/standalone/default/debug"  -j 16
source "/home/tomas/dev/cpp/templates/DotNameCpp/build/standalone/default/debug/conanbuild.sh" && cmake --build "/home/tomas/dev/cpp/templates/DotNameCpp/build/standalone/default/debug"  -j 16
Remove: build/standalone/default/debug
conan install "/home/tomas/dev/cpp/templates/DotNameCpp" --output-folder="/home/tomas/dev/cpp/templates/DotNameCpp/build/standalone/default/debug" --deployer=full_deploy --build=missing --profile:host=default --profile:build=default --settings build_type=Debug
source "/home/tomas/dev/cpp/templates/DotNameCpp/build/standalone/default/debug/conanbuild.sh" && cmake -S "./standalone" -B "/home/tomas/dev/cpp/templates/DotNameCpp/build/standalone/default/debug" -DCMAKE_TOOLCHAIN_FILE="/home/tomas/dev/cpp/templates/DotNameCpp/build/standalone/default/debug/conan_toolchain.cmake" -DCMAKE_BUILD_TYPE=Debug -DCMAKE_INSTALL_PREFIX="/home/tomas/dev/cpp/templates/DotNameCpp/build/installation/default/debug"
source "/home/tomas/dev/cpp/templates/DotNameCpp/build/standalone/default/debug/conanbuild.sh" && cmake --build "/home/tomas/dev/cpp/templates/DotNameCpp/build/standalone/default/debug"  -j 16
Remove: build/standalone/emscripten/debug
conan install "/home/tomas/dev/cpp/templates/DotNameCpp" --output-folder="/home/tomas/dev/cpp/templates/DotNameCpp/build/standalone/emscripten/debug" --deployer=full_deploy --build=missing --profile:host=emscripten --profile:build=default --settings build_type=Debug
source "/home/tomas/dev/cpp/templates/DotNameCpp/build/standalone/emscripten/debug/conanbuild.sh" && cmake -S "./standalone" -B "/home/tomas/dev/cpp/templates/DotNameCpp/build/standalone/emscripten/debug" -DCMAKE_TOOLCHAIN_FILE="/home/tomas/dev/cpp/templates/DotNameCpp/build/standalone/emscripten/debug/conan_toolchain.cmake" -DPLATFORM=Web -DCMAKE_BUILD_TYPE=Debug -DCMAKE_INSTALL_PREFIX="/home/tomas/dev/cpp/templates/DotNameCpp/build/installation/emscripten/debug"
source "/home/tomas/dev/cpp/templates/DotNameCpp/build/standalone/emscripten/debug/conanbuild.sh" && cmake --build "/home/tomas/dev/cpp/templates/DotNameCpp/build/standalone/emscripten/debug"  -j 16
source "/home/tomas/dev/cpp/templates/DotNameCpp/build/standalone/default/debug/conanbuild.sh" && cmake --build "/home/tomas/dev/cpp/templates/DotNameCpp/build/standalone/default/debug"  -j 16
source "/home/tomas/dev/cpp/templates/DotNameCpp/build/standalone/default/debug/conanbuild.sh" && cmake --build "/home/tomas/dev/cpp/templates/DotNameCpp/build/standalone/default/debug"  -j 16
cmake --build "/home/tomas/dev/cpp/templates/DotNameCpp/build/standalone/default/debug"  -j 16
Remove: build/standalone/default/debug
Remove: build/standalone/default/debug
conan install "/home/tomas/dev/cpp/templates/DotNameCpp" --output-folder="/home/tomas/dev/cpp/templates/DotNameCpp/build/standalone/default/debug" --deployer=full_deploy --build=missing --profile:host=default --profile:build=default --settings build_type=Debug
source "/home/tomas/dev/cpp/templates/DotNameCpp/build/standalone/default/debug/conanbuild.sh" && cmake -S "./standalone" -B "/home/tomas/dev/cpp/templates/DotNameCpp/build/standalone/default/debug" -DCMAKE_TOOLCHAIN_FILE="/home/tomas/dev/cpp/templates/DotNameCpp/build/standalone/default/debug/conan_toolchain.cmake" -DCMAKE_BUILD_TYPE=Debug -DCMAKE_INSTALL_PREFIX="/home/tomas/dev/cpp/templates/DotNameCpp/build/installation/default/debug"
Remove: build/standalone/default/debug
conan install "/home/tomas/dev/cpp/templates/DotNameCpp" --output-folder="/home/tomas/dev/cpp/templates/DotNameCpp/build/standalone/default/debug" --deployer=full_deploy --build=missing --profile:host=default --profile:build=default --settings build_type=Debug
source "/home/tomas/dev/cpp/templates/DotNameCpp/build/standalone/default/debug/conanbuild.sh" && cmake -S "./standalone" -B "/home/tomas/dev/cpp/templates/DotNameCpp/build/standalone/default/debug" -DCMAKE_TOOLCHAIN_FILE="/home/tomas/dev/cpp/templates/DotNameCpp/build/standalone/default/debug/conan_toolchain.cmake" -DCMAKE_BUILD_TYPE=Debug -DCMAKE_INSTALL_PREFIX="/home/tomas/dev/cpp/templates/DotNameCpp/build/installation/default/debug"
source "/home/tomas/dev/cpp/templates/DotNameCpp/build/standalone/default/debug/conanbuild.sh" && cmake -S "./standalone" -B "/home/tomas/dev/cpp/templates/DotNameCpp/build/standalone/default/debug" -DCMAKE_TOOLCHAIN_FILE="/home/tomas/dev/cpp/templates/DotNameCpp/build/standalone/default/debug/conan_toolchain.cmake" -DCMAKE_BUILD_TYPE=Debug -DCMAKE_INSTALL_PREFIX="/home/tomas/dev/cpp/templates/DotNameCpp/build/installation/default/debug"
source "/home/tomas/dev/cpp/templates/DotNameCpp/build/standalone/default/debug/conanbuild.sh" && cmake -S "." -B "/home/tomas/dev/cpp/templates/DotNameCpp/build/standalone/default/debug" -DCMAKE_TOOLCHAIN_FILE="/home/tomas/dev/cpp/templates/DotNameCpp/build/standalone/default/debug/conan_toolchain.cmake" -DBUILD_LIBRARY=OFF -DBUILD_STANDALONE=ON -DCMAKE_BUILD_TYPE=Debug -DCMAKE_INSTALL_PREFIX="/home/tomas/dev/cpp/templates/DotNameCpp/build/installation/default/debug"
source "/home/tomas/dev/cpp/templates/DotNameCpp/build/standalone/default/debug/conanbuild.sh" && cmake -S "." -B "/home/tomas/dev/cpp/templates/DotNameCpp/build/standalone/default/debug" -DCMAKE_TOOLCHAIN_FILE="/home/tomas/dev/cpp/templates/DotNameCpp/build/standalone/default/debug/conan_toolchain.cmake" -DBUILD_LIBRARY=OFF -DBUILD_STANDALONE=ON -DCMAKE_BUILD_TYPE=Debug -DCMAKE_INSTALL_PREFIX="/home/tomas/dev/cpp/templates/DotNameCpp/build/installation/default/debug"
source "/home/tomas/dev/cpp/templates/DotNameCpp/build/standalone/default/debug/conanbuild.sh" && cmake -S "." -B "/home/tomas/dev/cpp/templates/DotNameCpp/build/standalone/default/debug" -DCMAKE_TOOLCHAIN_FILE="/home/tomas/dev/cpp/templates/DotNameCpp/build/standalone/default/debug/conan_toolchain.cmake" -DBUILD_LIBRARY=OFF -DBUILD_STANDALONE=ON -DCMAKE_BUILD_TYPE=Debug -DCMAKE_INSTALL_PREFIX="/home/tomas/dev/cpp/templates/DotNameCpp/build/installation/default/debug"
source "/home/tomas/dev/cpp/templates/DotNameCpp/build/standalone/default/debug/conanbuild.sh" && cmake --build "/home/tomas/dev/cpp/templates/DotNameCpp/build/standalone/default/debug"  -j 16
cmake --build "/home/tomas/dev/cpp/templates/DotNameCpp/build/library/default/debug"  -j 16
cmake -S "." -B "/home/tomas/dev/cpp/templates/DotNameCpp/build/library/default/debug"  -DBUILD_LIBRARY=ON -DBUILD_STANDALONE=OFF -DCMAKE_BUILD_TYPE=Debug -DCMAKE_INSTALL_PREFIX="/home/tomas/dev/cpp/templates/DotNameCpp/build/installation/default/debug"
conan install "/home/tomas/dev/cpp/templates/DotNameCpp" --output-folder="/home/tomas/dev/cpp/templates/DotNameCpp/build/library/default/debug" --deployer=full_deploy --build=missing --profile:host=default --profile:build=default --settings build_type=Debug
source "/home/tomas/dev/cpp/templates/DotNameCpp/build/library/default/debug/conanbuild.sh" && cmake -S "." -B "/home/tomas/dev/cpp/templates/DotNameCpp/build/library/default/debug" -DCMAKE_TOOLCHAIN_FILE="/home/tomas/dev/cpp/templates/DotNameCpp/build/library/default/debug/conan_toolchain.cmake" -DBUILD_LIBRARY=ON -DBUILD_STANDALONE=OFF -DCMAKE_BUILD_TYPE=Debug -DCMAKE_INSTALL_PREFIX="/home/tomas/dev/cpp/templates/DotNameCpp/build/installation/default/debug"
source "/home/tomas/dev/cpp/templates/DotNameCpp/build/library/default/debug/conanbuild.sh" && cmake --build "/home/tomas/dev/cpp/templates/DotNameCpp/build/library/default/debug"  -j 16
Remove: build/standalone/default/debug
conan install "/home/tomas/dev/cpp/templates/DotNameCpp" --output-folder="/home/tomas/dev/cpp/templates/DotNameCpp/build/standalone/default/debug" --deployer=full_deploy --build=missing --profile:host=default --profile:build=default --settings build_type=Debug
source "/home/tomas/dev/cpp/templates/DotNameCpp/build/standalone/default/debug/conanbuild.sh" && cmake -S "." -B "/home/tomas/dev/cpp/templates/DotNameCpp/build/standalone/default/debug" -DCMAKE_TOOLCHAIN_FILE="/home/tomas/dev/cpp/templates/DotNameCpp/build/standalone/default/debug/conan_toolchain.cmake" -DBUILD_LIBRARY=OFF -DBUILD_STANDALONE=ON -DCMAKE_BUILD_TYPE=Debug -DCMAKE_INSTALL_PREFIX="/home/tomas/dev/cpp/templates/DotNameCpp/build/installation/default/debug"
source "/home/tomas/dev/cpp/templates/DotNameCpp/build/standalone/default/debug/conanbuild.sh" && cmake --build "/home/tomas/dev/cpp/templates/DotNameCpp/build/standalone/default/debug"  -j 16
Remove: build/standalone/default/debug
conan install "/home/tomas/dev/cpp/templates/DotNameCpp" --output-folder="/home/tomas/dev/cpp/templates/DotNameCpp/build/standalone/default/debug" --deployer=full_deploy --build=missing --profile:host=default --profile:build=default --settings build_type=Debug
source "/home/tomas/dev/cpp/templates/DotNameCpp/build/standalone/default/debug/conanbuild.sh" && cmake -S "." -B "/home/tomas/dev/cpp/templates/DotNameCpp/build/standalone/default/debug" -DCMAKE_TOOLCHAIN_FILE="/home/tomas/dev/cpp/templates/DotNameCpp/build/standalone/default/debug/conan_toolchain.cmake" -DBUILD_LIBRARY=OFF -DBUILD_STANDALONE=ON -DCMAKE_BUILD_TYPE=Debug -DCMAKE_INSTALL_PREFIX="/home/tomas/dev/cpp/templates/DotNameCpp/build/installation/default/debug"
source "/home/tomas/dev/cpp/templates/DotNameCpp/build/standalone/default/debug/conanbuild.sh" && cmake --build "/home/tomas/dev/cpp/templates/DotNameCpp/build/standalone/default/debug"  -j 16
source "/home/tomas/dev/cpp/templates/DotNameCpp/build/standalone/default/debug/conanbuild.sh" && cmake --build "/home/tomas/dev/cpp/templates/DotNameCpp/build/standalone/default/debug" --target install -j 16
source "/home/tomas/dev/cpp/templates/DotNameCpp/build/standalone/default/debug/conanbuild.sh" && cmake -S "." -B "/home/tomas/dev/cpp/templates/DotNameCpp/build/standalone/default/debug" -DCMAKE_TOOLCHAIN_FILE="/home/tomas/dev/cpp/templates/DotNameCpp/build/standalone/default/debug/conan_toolchain.cmake" -DBUILD_LIBRARY=OFF -DBUILD_STANDALONE=ON -DCMAKE_BUILD_TYPE=Debug -DCMAKE_INSTALL_PREFIX="/home/tomas/dev/cpp/templates/DotNameCpp/build/installation/default/debug"
cmake -S "." -B "/home/tomas/dev/cpp/templates/DotNameCpp/build/standalone/default/debug"  -DBUILD_LIBRARY=OFF -DBUILD_STANDALONE=ON -DCMAKE_BUILD_TYPE=Debug -DCMAKE_INSTALL_PREFIX="/home/tomas/dev/cpp/templates/DotNameCpp/build/installation/default/debug"
cmake --build "/home/tomas/dev/cpp/templates/DotNameCpp/build/standalone/default/debug"  -j 16
conan install "/home/tomas/dev/cpp/templates/DotNameCpp" --output-folder="/home/tomas/dev/cpp/templates/DotNameCpp/build/standalone/default/debug" --deployer=full_deploy --build=missing --profile:host=default --profile:build=default --settings build_type=Debug
source "/home/tomas/dev/cpp/templates/DotNameCpp/build/standalone/default/debug/conanbuild.sh" && cmake --build "/home/tomas/dev/cpp/templates/DotNameCpp/build/standalone/default/debug"  -j 16
source "/home/tomas/dev/cpp/templates/DotNameCpp/build/standalone/default/debug/conanbuild.sh" && cmake -S "." -B "/home/tomas/dev/cpp/templates/DotNameCpp/build/standalone/default/debug" -DCMAKE_TOOLCHAIN_FILE="/home/tomas/dev/cpp/templates/DotNameCpp/build/standalone/default/debug/conan_toolchain.cmake" -DBUILD_LIBRARY=OFF -DBUILD_STANDALONE=ON -DCMAKE_BUILD_TYPE=Debug -DCMAKE_INSTALL_PREFIX="/home/tomas/dev/cpp/templates/DotNameCpp/build/installation/default/debug"
conan install "/home/tomas/dev/cpp/templates/DotNameCpp" --output-folder="/home/tomas/dev/cpp/templates/DotNameCpp/build/standalone/default/debug" --deployer=full_deploy --build=missing --profile:host=default --profile:build=default --settings build_type=Debug
source "/home/tomas/dev/cpp/templates/DotNameCpp/build/standalone/default/debug/conanbuild.sh" && cmake -S "." -B "/home/tomas/dev/cpp/templates/DotNameCpp/build/standalone/default/debug" -DCMAKE_TOOLCHAIN_FILE="/home/tomas/dev/cpp/templates/DotNameCpp/build/standalone/default/debug/conan_toolchain.cmake" -DBUILD_LIBRARY=OFF -DBUILD_STANDALONE=ON -DCMAKE_BUILD_TYPE=Debug -DCMAKE_INSTALL_PREFIX="/home/tomas/dev/cpp/templates/DotNameCpp/build/installation/default/debug"
conan install "/home/tomas/dev/cpp/templates/DotNameCpp" --output-folder="/home/tomas/dev/cpp/templates/DotNameCpp/build/standalone/default/debug" --deployer=full_deploy --build=missing --profile:host=default --profile:build=default --settings build_type=Debug
source "/home/tomas/dev/cpp/templates/DotNameCpp/build/standalone/default/debug/conanbuild.sh" && cmake -S "." -B "/home/tomas/dev/cpp/templates/DotNameCpp/build/standalone/default/debug" -DCMAKE_TOOLCHAIN_FILE="/home/tomas/dev/cpp/templates/DotNameCpp/build/standalone/default/debug/conan_toolchain.cmake" -DBUILD_LIBRARY=OFF -DBUILD_STANDALONE=ON -DCMAKE_BUILD_TYPE=Debug -DCMAKE_INSTALL_PREFIX="/home/tomas/dev/cpp/templates/DotNameCpp/build/installation/default/debug"
conan install "/home/tomas/dev/cpp/templates/DotNameCpp" --output-folder="/home/tomas/dev/cpp/templates/DotNameCpp/build/standalone/default/debug" --deployer=full_deploy --build=missing --profile:host=default --profile:build=default --settings build_type=Debug
source "/home/tomas/dev/cpp/templates/DotNameCpp/build/standalone/default/debug/conanbuild.sh" && cmake -S "." -B "/home/tomas/dev/cpp/templates/DotNameCpp/build/standalone/default/debug" -DCMAKE_TOOLCHAIN_FILE="/home/tomas/dev/cpp/templates/DotNameCpp/build/standalone/default/debug/conan_toolchain.cmake" -DBUILD_LIBRARY=OFF -DBUILD_STANDALONE=ON -DCMAKE_BUILD_TYPE=Debug -DCMAKE_INSTALL_PREFIX="/home/tomas/dev/cpp/templates/DotNameCpp/build/installation/default/debug"
source "/home/tomas/dev/cpp/templates/DotNameCpp/build/standalone/default/debug/conanbuild.sh" && cmake --build "/home/tomas/dev/cpp/templates/DotNameCpp/build/standalone/default/debug"  -j 16
conan install "/home/tomas/dev/cpp/templates/DotNameCpp" --output-folder="/home/tomas/dev/cpp/templates/DotNameCpp/build/library/default/debug" --deployer=full_deploy --build=missing --profile:host=default --profile:build=default --settings build_type=Debug
source "/home/tomas/dev/cpp/templates/DotNameCpp/build/library/default/debug/conanbuild.sh" && cmake --build "/home/tomas/dev/cpp/templates/DotNameCpp/build/library/default/debug"  -j 16
conan install "/home/tomas/dev/cpp/templates/DotNameCpp" --output-folder="/home/tomas/dev/cpp/templates/DotNameCpp/build/library/default/debug" --deployer=full_deploy --build=missing --profile:host=default --profile:build=default --settings build_type=Debug
conan install "/home/tomas/dev/cpp/templates/DotNameCpp" --output-folder="/home/tomas/dev/cpp/templates/DotNameCpp/build/standalone/default/debug" --deployer=full_deploy --build=missing --profile:host=default --profile:build=default --settings build_type=Debug
source "/home/tomas/dev/cpp/templates/DotNameCpp/build/library/default/debug/conanbuild.sh" && cmake --build "/home/tomas/dev/cpp/templates/DotNameCpp/build/library/default/debug"  -j 16
source "/home/tomas/dev/cpp/templates/DotNameCpp/build/standalone/default/debug/conanbuild.sh" && cmake --build "/home/tomas/dev/cpp/templates/DotNameCpp/build/standalone/default/debug"  -j 16
Remove: build/standalone/default/debug
conan install "/home/tomas/dev/cpp/templates/DotNameCpp" --output-folder="/home/tomas/dev/cpp/templates/DotNameCpp/build/standalone/default/debug" --deployer=full_deploy --build=missing --profile:host=default --profile:build=default --settings build_type=Debug
source "/home/tomas/dev/cpp/templates/DotNameCpp/build/standalone/default/debug/conanbuild.sh" && cmake -S "." -B "/home/tomas/dev/cpp/templates/DotNameCpp/build/standalone/default/debug" -DCMAKE_TOOLCHAIN_FILE="/home/tomas/dev/cpp/templates/DotNameCpp/build/standalone/default/debug/conan_toolchain.cmake" -DBUILD_LIBRARY=OFF -DBUILD_STANDALONE=ON -DCMAKE_BUILD_TYPE=Debug -DCMAKE_INSTALL_PREFIX="/home/tomas/dev/cpp/templates/DotNameCpp/build/installation/default/debug"
source "/home/tomas/dev/cpp/templates/DotNameCpp/build/standalone/default/debug/conanbuild.sh" && cmake --build "/home/tomas/dev/cpp/templates/DotNameCpp/build/standalone/default/debug"  -j 16
Remove: build/library/default/debug
conan install "/home/tomas/dev/cpp/templates/DotNameCpp" --output-folder="/home/tomas/dev/cpp/templates/DotNameCpp/build/library/default/debug" --deployer=full_deploy --build=missing --profile:host=default --profile:build=default --settings build_type=Debug
source "/home/tomas/dev/cpp/templates/DotNameCpp/build/library/default/debug/conanbuild.sh" && cmake -S "." -B "/home/tomas/dev/cpp/templates/DotNameCpp/build/library/default/debug" -DCMAKE_TOOLCHAIN_FILE="/home/tomas/dev/cpp/templates/DotNameCpp/build/library/default/debug/conan_toolchain.cmake" -DBUILD_LIBRARY=ON -DBUILD_STANDALONE=OFF -DCMAKE_BUILD_TYPE=Debug -DCMAKE_INSTALL_PREFIX="/home/tomas/dev/cpp/templates/DotNameCpp/build/installation/default/debug"
source "/home/tomas/dev/cpp/templates/DotNameCpp/build/library/default/debug/conanbuild.sh" && cmake --build "/home/tomas/dev/cpp/templates/DotNameCpp/build/library/default/debug"  -j 16
source "/home/tomas/dev/cpp/templates/DotNameCpp/build/standalone/default/debug/conanbuild.sh" && cmake --build "/home/tomas/dev/cpp/templates/DotNameCpp/build/standalone/default/debug" --target package -j 16
source "/home/tomas/dev/cpp/templates/DotNameCpp/build/library/default/debug/conanbuild.sh" && cmake -S "." -B "/home/tomas/dev/cpp/templates/DotNameCpp/build/library/default/debug" -DCMAKE_TOOLCHAIN_FILE="/home/tomas/dev/cpp/templates/DotNameCpp/build/library/default/debug/conan_toolchain.cmake" -DBUILD_LIBRARY=ON -DBUILD_STANDALONE=OFF -DCMAKE_BUILD_TYPE=Debug -DCMAKE_INSTALL_PREFIX="/home/tomas/dev/cpp/templates/DotNameCpp/build/installation/default/debug"
Remove: build/standalone/emscripten/debug
conan install "/home/tomas/dev/cpp/templates/DotNameCpp" --output-folder="/home/tomas/dev/cpp/templates/DotNameCpp/build/standalone/emscripten/debug" --deployer=full_deploy --build=missing --profile:host=emscripten --profile:build=default --settings build_type=Debug
source "/home/tomas/dev/cpp/templates/DotNameCpp/build/standalone/emscripten/debug/conanbuild.sh" && cmake -S "." -B "/home/tomas/dev/cpp/templates/DotNameCpp/build/standalone/emscripten/debug" -DCMAKE_TOOLCHAIN_FILE="/home/tomas/dev/cpp/templates/DotNameCpp/build/standalone/emscripten/debug/conan_toolchain.cmake" -DBUILD_LIBRARY=OFF -DBUILD_STANDALONE=ON -DPLATFORM=Web -DCMAKE_BUILD_TYPE=Debug -DCMAKE_INSTALL_PREFIX="/home/tomas/dev/cpp/templates/DotNameCpp/build/installation/emscripten/debug"
source "/home/tomas/dev/cpp/templates/DotNameCpp/build/standalone/emscripten/debug/conanbuild.sh" && cmake --build "/home/tomas/dev/cpp/templates/DotNameCpp/build/standalone/emscripten/debug"  -j 16
source "/home/tomas/dev/cpp/templates/DotNameCpp/build/standalone/emscripten/debug/conanbuild.sh" && cmake -S "." -B "/home/tomas/dev/cpp/templates/DotNameCpp/build/standalone/emscripten/debug" -DCMAKE_TOOLCHAIN_FILE="/home/tomas/dev/cpp/templates/DotNameCpp/build/standalone/emscripten/debug/conan_toolchain.cmake" -DBUILD_LIBRARY=OFF -DBUILD_STANDALONE=ON -DPLATFORM=Web -DCMAKE_BUILD_TYPE=Debug -DCMAKE_INSTALL_PREFIX="/home/tomas/dev/cpp/templates/DotNameCpp/build/installation/emscripten/debug"
source "/home/tomas/dev/cpp/templates/DotNameCpp/build/standalone/emscripten/debug/conanbuild.sh" && cmake --build "/home/tomas/dev/cpp/templates/DotNameCpp/build/standalone/emscripten/debug"  -j 16
Remove: build/standalone/default/debug
conan install "/home/tomas/dev/cpp/templates/DotNameCpp" --output-folder="/home/tomas/dev/cpp/templates/DotNameCpp/build/standalone/default/debug" --deployer=full_deploy --build=missing --profile:host=default --profile:build=default --settings build_type=Debug
source "/home/tomas/dev/cpp/templates/DotNameCpp/build/standalone/default/debug/conanbuild.sh" && cmake -S "." -B "/home/tomas/dev/cpp/templates/DotNameCpp/build/standalone/default/debug" -DCMAKE_TOOLCHAIN_FILE="/home/tomas/dev/cpp/templates/DotNameCpp/build/standalone/default/debug/conan_toolchain.cmake" -DBUILD_LIBRARY=OFF -DBUILD_STANDALONE=ON -DCMAKE_BUILD_TYPE=Debug -DCMAKE_INSTALL_PREFIX="/home/tomas/dev/cpp/templates/DotNameCpp/build/installation/default/debug"
source "/home/tomas/dev/cpp/templates/DotNameCpp/build/standalone/default/debug/conanbuild.sh" && cmake --build "/home/tomas/dev/cpp/templates/DotNameCpp/build/standalone/default/debug"  -j 16
source "/home/tomas/dev/cpp/templates/DotNameCpp/build/standalone/default/debug/conanbuild.sh" && cmake --build "/home/tomas/dev/cpp/templates/DotNameCpp/build/standalone/default/debug" --target install -j 16
Remove: build/standalone/default/debug
conan install "/home/tomas/dev/cpp/templates/DotNameCpp" --output-folder="/home/tomas/dev/cpp/templates/DotNameCpp/build/standalone/default/debug" --deployer=full_deploy --build=missing --profile:host=default --profile:build=default --settings build_type=Debug
source "/home/tomas/dev/cpp/templates/DotNameCpp/build/standalone/default/debug/conanbuild.sh" && cmake -S "." -B "/home/tomas/dev/cpp/templates/DotNameCpp/build/standalone/default/debug" -DCMAKE_TOOLCHAIN_FILE="/home/tomas/dev/cpp/templates/DotNameCpp/build/standalone/default/debug/conan_toolchain.cmake" -DBUILD_LIBRARY=OFF -DBUILD_STANDALONE=ON -DCMAKE_BUILD_TYPE=Debug -DCMAKE_INSTALL_PREFIX="/home/tomas/dev/cpp/templates/DotNameCpp/build/installation/default/debug"
source "/home/tomas/dev/cpp/templates/DotNameCpp/build/standalone/default/debug/conanbuild.sh" && cmake --build "/home/tomas/dev/cpp/templates/DotNameCpp/build/standalone/default/debug"  -j 16
source "/home/tomas/dev/cpp/templates/DotNameCpp/build/standalone/default/debug/conanbuild.sh" && cmake --build "/home/tomas/dev/cpp/templates/DotNameCpp/build/standalone/default/debug" --target install -j 16
source "/home/tomas/dev/cpp/templates/DotNameCpp/build/standalone/default/debug/conanbuild.sh" && cmake --build "/home/tomas/dev/cpp/templates/DotNameCpp/build/standalone/default/debug"  -j 16
Remove: build/standalone/rpi4_glibc2.36_gcc12.4/debug
conan install "/home/tomas/dev/cpp/templates/DotNameCpp" --output-folder="/home/tomas/dev/cpp/templates/DotNameCpp/build/standalone/rpi4_glibc2.36_gcc12.4/debug" --deployer=full_deploy --build=missing --profile:host=rpi4_glibc2.36_gcc12.4 --profile:build=default --settings build_type=Debug
source "/home/tomas/dev/cpp/templates/DotNameCpp/build/standalone/rpi4_glibc2.36_gcc12.4/debug/conanbuild.sh" && cmake -S "." -B "/home/tomas/dev/cpp/templates/DotNameCpp/build/standalone/rpi4_glibc2.36_gcc12.4/debug" -DCMAKE_TOOLCHAIN_FILE="/home/tomas/dev/cpp/templates/DotNameCpp/build/standalone/rpi4_glibc2.36_gcc12.4/debug/conan_toolchain.cmake" -DBUILD_LIBRARY=OFF -DBUILD_STANDALONE=ON -DCMAKE_BUILD_TYPE=Debug -DCMAKE_INSTALL_PREFIX="/home/tomas/dev/cpp/templates/DotNameCpp/build/installation/rpi4_glibc2.36_gcc12.4/debug"
source "/home/tomas/dev/cpp/templates/DotNameCpp/build/standalone/rpi4_glibc2.36_gcc12.4/debug/conanbuild.sh" && cmake --build "/home/tomas/dev/cpp/templates/DotNameCpp/build/standalone/rpi4_glibc2.36_gcc12.4/debug"  -j 16
source "/home/tomas/dev/cpp/templates/DotNameCpp/build/standalone/rpi4_glibc2.36_gcc12.4/debug/conanbuild.sh" && cmake --build "/home/tomas/dev/cpp/templates/DotNameCpp/build/standalone/rpi4_glibc2.36_gcc12.4/debug" --target install -j 16
cmake --build "/home/tomas/dev/cpp/templates/DotNameCpp/build/standalone/x86_64-w64-mingw32/debug"  -j 16
Remove: build/standalone/x86_64-w64-mingw32/debug
conan install "/home/tomas/dev/cpp/templates/DotNameCpp" --output-folder="/home/tomas/dev/cpp/templates/DotNameCpp/build/standalone/x86_64-w64-mingw32/debug" --deployer=full_deploy --build=missing --profile:host=x86_64-w64-mingw32 --profile:build=default --settings build_type=Debug
source "/home/tomas/dev/cpp/templates/DotNameCpp/build/standalone/x86_64-w64-mingw32/debug/conanbuild.sh" && cmake -S "." -B "/home/tomas/dev/cpp/templates/DotNameCpp/build/standalone/x86_64-w64-mingw32/debug" -DCMAKE_TOOLCHAIN_FILE="/home/tomas/dev/cpp/templates/DotNameCpp/build/standalone/x86_64-w64-mingw32/debug/conan_toolchain.cmake" -DBUILD_LIBRARY=OFF -DBUILD_STANDALONE=ON -DCMAKE_BUILD_TYPE=Debug -DCMAKE_INSTALL_PREFIX="/home/tomas/dev/cpp/templates/DotNameCpp/build/installation/x86_64-w64-mingw32/debug"
source "/home/tomas/dev/cpp/templates/DotNameCpp/build/standalone/x86_64-w64-mingw32/debug/conanbuild.sh" && cmake --build "/home/tomas/dev/cpp/templates/DotNameCpp/build/standalone/x86_64-w64-mingw32/debug"  -j 16
source "/home/tomas/dev/cpp/templates/DotNameCpp/build/standalone/default/debug/conanbuild.sh" && cmake --build "/home/tomas/dev/cpp/templates/DotNameCpp/build/standalone/default/debug"  -j 16
Remove: build/standalone/default/release
conan install "/home/tomas/dev/cpp/templates/DotNameCpp" --output-folder="/home/tomas/dev/cpp/templates/DotNameCpp/build/standalone/default/release" --deployer=full_deploy --build=missing --profile:host=default --profile:build=default --settings build_type=Release
source "/home/tomas/dev/cpp/templates/DotNameCpp/build/standalone/default/release/conanbuild.sh" && cmake -S "." -B "/home/tomas/dev/cpp/templates/DotNameCpp/build/standalone/default/release" -DCMAKE_TOOLCHAIN_FILE="/home/tomas/dev/cpp/templates/DotNameCpp/build/standalone/default/release/conan_toolchain.cmake" -DBUILD_LIBRARY=OFF -DBUILD_STANDALONE=ON -DCMAKE_BUILD_TYPE=Release -DCMAKE_INSTALL_PREFIX="/home/tomas/dev/cpp/templates/DotNameCpp/build/installation/default/release"
source "/home/tomas/dev/cpp/templates/DotNameCpp/build/standalone/default/release/conanbuild.sh" && cmake --build "/home/tomas/dev/cpp/templates/DotNameCpp/build/standalone/default/release"  -j 16
source "/home/tomas/dev/cpp/templates/DotNameCpp/build/standalone/default/release/conanbuild.sh" && cmake --build "/home/tomas/dev/cpp/templates/DotNameCpp/build/standalone/default/release" --target install -j 16
source "/home/tomas/dev/cpp/templates/DotNameCpp/build/standalone/default/debug/conanbuild.sh" && cmake --build "/home/tomas/dev/cpp/templates/DotNameCpp/build/standalone/default/debug"  -j 16
source "/home/tomas/dev/cpp/templates/DotNameCpp/build/standalone/default/debug/conanbuild.sh" && cmake --build "/home/tomas/dev/cpp/templates/DotNameCpp/build/standalone/default/debug" --target install -j 16
source "/home/tomas/dev/cpp/templates/DotNameCpp/build/standalone/default/debug/conanbuild.sh" && cmake --build "/home/tomas/dev/cpp/templates/DotNameCpp/build/standalone/default/debug" --target install -j 16
source "/home/tomas/dev/cpp/templates/DotNameCpp/build/standalone/default/debug/conanbuild.sh" && cmake --build "/home/tomas/dev/cpp/templates/DotNameCpp/build/standalone/default/debug"  -j 16
source "/home/tomas/dev/cpp/templates/DotNameCpp/build/standalone/default/debug/conanbuild.sh" && cmake --build "/home/tomas/dev/cpp/templates/DotNameCpp/build/standalone/default/debug"  -j 16
source "/home/tomas/dev/cpp/templates/DotNameCpp/build/standalone/default/debug/conanbuild.sh" && cmake --build "/home/tomas/dev/cpp/templates/DotNameCpp/build/standalone/default/debug" --target install -j 16
source "/home/tomas/dev/cpp/templates/DotNameCpp/build/standalone/default/debug/conanbuild.sh" && cmake --build "/home/tomas/dev/cpp/templates/DotNameCpp/build/standalone/default/debug"  -j 16
source "/home/tomas/dev/cpp/templates/DotNameCpp/build/standalone/default/debug/conanbuild.sh" && cmake --build "/home/tomas/dev/cpp/templates/DotNameCpp/build/standalone/default/debug" --target install -j 16
source "/home/tomas/dev/cpp/templates/DotNameCpp/build/standalone/default/debug/conanbuild.sh" && cmake --build "/home/tomas/dev/cpp/templates/DotNameCpp/build/standalone/default/debug"  -j 16
source "/home/tomas/dev/cpp/templates/DotNameCpp/build/standalone/default/debug/conanbuild.sh" && cmake --build "/home/tomas/dev/cpp/templates/DotNameCpp/build/standalone/default/debug" --target install -j 16
source "/home/tomas/dev/cpp/templates/DotNameCpp/build/standalone/default/debug/conanbuild.sh" && cmake --build "/home/tomas/dev/cpp/templates/DotNameCpp/build/standalone/default/debug"  -j 16
source "/home/tomas/dev/cpp/templates/DotNameCpp/build/standalone/default/debug/conanbuild.sh" && cmake --build "/home/tomas/dev/cpp/templates/DotNameCpp/build/standalone/default/debug" --target install -j 16
